#! /usr/bin/vvp
:ivl_version "11.0 (stable)";
:ivl_delay_selection "TYPICAL";
:vpi_time_precision - 12;
:vpi_module "/usr/lib/x86_64-linux-gnu/ivl/system.vpi";
:vpi_module "/usr/lib/x86_64-linux-gnu/ivl/vhdl_sys.vpi";
:vpi_module "/usr/lib/x86_64-linux-gnu/ivl/vhdl_textio.vpi";
:vpi_module "/usr/lib/x86_64-linux-gnu/ivl/v2005_math.vpi";
:vpi_module "/usr/lib/x86_64-linux-gnu/ivl/va_math.vpi";
S_0x55ecc7b9fd30 .scope module, "edge_tb" "edge_tb" 2 2;
 .timescale -9 -12;
v0x55ecc7bb3a10_0 .var "a_tb", 0 0;
v0x55ecc7bc6db0_0 .var "clk_tb", 0 0;
v0x55ecc7bc6e70_0 .var "reset_tb", 0 0;
S_0x55ecc7bb3880 .scope module, "edgedetector" "edgedetector" 3 1;
 .timescale -9 -12;
    .port_info 0 /INPUT 1 "clk";
    .port_info 1 /INPUT 1 "reset";
    .port_info 2 /OUTPUT 1 "rising";
    .port_info 3 /OUTPUT 1 "falling";
    .port_info 4 /INPUT 1 "a";
L_0x55ecc7bc7680 .functor NOT 1, v0x55ecc7bc71d0_0, C4<0>, C4<0>, C4<0>;
o0x7f0430898108 .functor BUFZ 1, C4<z>; HiZ drive
L_0x55ecc7bc7740 .functor AND 1, L_0x55ecc7bc7680, o0x7f0430898108, C4<1>, C4<1>;
L_0x55ecc7bc7830 .functor NOT 1, o0x7f0430898108, C4<0>, C4<0>, C4<0>;
L_0x55ecc7bc7920 .functor AND 1, v0x55ecc7bc71d0_0, L_0x55ecc7bc7830, C4<1>, C4<1>;
v0x55ecc7bc6f50_0 .net *"_ivl_0", 0 0, L_0x55ecc7bc7680;  1 drivers
v0x55ecc7bc7050_0 .net *"_ivl_4", 0 0, L_0x55ecc7bc7830;  1 drivers
v0x55ecc7bc7130_0 .net "a", 0 0, o0x7f0430898108;  0 drivers
v0x55ecc7bc71d0_0 .var "a_ff", 0 0;
o0x7f0430898168 .functor BUFZ 1, C4<z>; HiZ drive
v0x55ecc7bc7290_0 .net "clk", 0 0, o0x7f0430898168;  0 drivers
v0x55ecc7bc73a0_0 .net "falling", 0 0, L_0x55ecc7bc7920;  1 drivers
o0x7f04308981c8 .functor BUFZ 1, C4<z>; HiZ drive
v0x55ecc7bc7460_0 .net "reset", 0 0, o0x7f04308981c8;  0 drivers
v0x55ecc7bc7520_0 .net "rising", 0 0, L_0x55ecc7bc7740;  1 drivers
E_0x55ecc7b793a0 .event posedge, v0x55ecc7bc7460_0, v0x55ecc7bc7290_0;
    .scope S_0x55ecc7b9fd30;
T_0 ;
    %pushi/vec4 1, 0, 1;
    %store/vec4 v0x55ecc7bc6e70_0, 0, 1;
    %pushi/vec4 0, 0, 1;
    %store/vec4 v0x55ecc7bc6db0_0, 0, 1;
    %vpi_func 2 13 "$random" 32 {0 0 0};
    %pushi/vec4 2, 0, 32;
    %mod/s;
    %pad/s 1;
    %store/vec4 v0x55ecc7bb3a10_0, 0, 1;
    %delay 5000, 0;
    %pushi/vec4 0, 0, 1;
    %store/vec4 v0x55ecc7bc6e70_0, 0, 1;
    %vpi_func 2 16 "$random" 32 {0 0 0};
    %pushi/vec4 2, 0, 32;
    %mod/s;
    %pad/s 1;
    %store/vec4 v0x55ecc7bb3a10_0, 0, 1;
    %delay 5000, 0;
    %end;
    .thread T_0;
    .scope S_0x55ecc7b9fd30;
T_1 ;
    %delay 5000, 0;
    %load/vec4 v0x55ecc7bc6db0_0;
    %inv;
    %store/vec4 v0x55ecc7bc6db0_0, 0, 1;
    %jmp T_1;
    .thread T_1;
    .scope S_0x55ecc7b9fd30;
T_2 ;
    %vpi_call 2 23 "$dumpfile", "day3edge.vcd" {0 0 0};
    %vpi_call 2 24 "$dumpvars", 32'sb00000000000000000000000000000000, S_0x55ecc7b9fd30 {0 0 0};
    %end;
    .thread T_2;
    .scope S_0x55ecc7bb3880;
T_3 ;
    %wait E_0x55ecc7b793a0;
    %load/vec4 v0x55ecc7bc7460_0;
    %flag_set/vec4 8;
    %jmp/0xz  T_3.0, 8;
    %pushi/vec4 0, 0, 1;
    %store/vec4 v0x55ecc7bc71d0_0, 0, 1;
    %jmp T_3.1;
T_3.0 ;
    %load/vec4 v0x55ecc7bc7130_0;
    %store/vec4 v0x55ecc7bc71d0_0, 0, 1;
T_3.1 ;
    %jmp T_3;
    .thread T_3;
# The file index is used to find the file name in the following table.
:file_names 4;
    "N/A";
    "<interactive>";
    "day3edge_tb.v";
    "day3edge.v";
