#! /usr/bin/vvp
:ivl_version "11.0 (stable)";
:ivl_delay_selection "TYPICAL";
:vpi_time_precision - 12;
:vpi_module "/usr/lib/x86_64-linux-gnu/ivl/system.vpi";
:vpi_module "/usr/lib/x86_64-linux-gnu/ivl/vhdl_sys.vpi";
:vpi_module "/usr/lib/x86_64-linux-gnu/ivl/vhdl_textio.vpi";
:vpi_module "/usr/lib/x86_64-linux-gnu/ivl/v2005_math.vpi";
:vpi_module "/usr/lib/x86_64-linux-gnu/ivl/va_math.vpi";
S_0x55f4ed0aadf0 .scope module, "DFF_tb" "DFF_tb" 2 2;
 .timescale -9 -12;
v0x55f4ed0f9750_0 .var "clk_tb", 0 0;
v0x55f4ed0f9810_0 .var "d_tb", 0 0;
v0x55f4ed0f98e0_0 .net "q_tb", 0 0, v0x55f4ed0f9360_0;  1 drivers
v0x55f4ed0f99e0_0 .net "qasync_tb", 0 0, v0x55f4ed0f9400_0;  1 drivers
v0x55f4ed0f9ab0_0 .net "qsync_tb", 0 0, v0x55f4ed0f94c0_0;  1 drivers
v0x55f4ed0f9ba0_0 .var "reset_tb", 0 0;
S_0x55f4ed0aaf80 .scope module, "u_flipflop" "DFF" 2 11, 3 2 0, S_0x55f4ed0aadf0;
 .timescale -9 -12;
    .port_info 0 /INPUT 1 "clk";
    .port_info 1 /INPUT 1 "reset";
    .port_info 2 /INPUT 1 "d";
    .port_info 3 /OUTPUT 1 "q";
    .port_info 4 /OUTPUT 1 "qsync";
    .port_info 5 /OUTPUT 1 "qasync";
v0x55f4ed0e59d0_0 .net "clk", 0 0, v0x55f4ed0f9750_0;  1 drivers
v0x55f4ed0f92a0_0 .net "d", 0 0, v0x55f4ed0f9810_0;  1 drivers
v0x55f4ed0f9360_0 .var "q", 0 0;
v0x55f4ed0f9400_0 .var "qasync", 0 0;
v0x55f4ed0f94c0_0 .var "qsync", 0 0;
v0x55f4ed0f95d0_0 .net "reset", 0 0, v0x55f4ed0f9ba0_0;  1 drivers
E_0x55f4ed0e66f0/0 .event negedge, v0x55f4ed0f95d0_0;
E_0x55f4ed0e66f0/1 .event posedge, v0x55f4ed0e59d0_0;
E_0x55f4ed0e66f0 .event/or E_0x55f4ed0e66f0/0, E_0x55f4ed0e66f0/1;
E_0x55f4ed0e6400 .event posedge, v0x55f4ed0e59d0_0;
    .scope S_0x55f4ed0aaf80;
T_0 ;
    %wait E_0x55f4ed0e6400;
    %load/vec4 v0x55f4ed0f92a0_0;
    %assign/vec4 v0x55f4ed0f9360_0, 0;
    %jmp T_0;
    .thread T_0;
    .scope S_0x55f4ed0aaf80;
T_1 ;
    %wait E_0x55f4ed0e6400;
    %load/vec4 v0x55f4ed0f95d0_0;
    %flag_set/vec4 8;
    %jmp/0xz  T_1.0, 8;
    %pushi/vec4 0, 0, 1;
    %assign/vec4 v0x55f4ed0f94c0_0, 0;
    %jmp T_1.1;
T_1.0 ;
    %pushi/vec4 1, 0, 1;
    %assign/vec4 v0x55f4ed0f94c0_0, 0;
T_1.1 ;
    %jmp T_1;
    .thread T_1;
    .scope S_0x55f4ed0aaf80;
T_2 ;
    %wait E_0x55f4ed0e66f0;
    %load/vec4 v0x55f4ed0f95d0_0;
    %flag_set/vec4 8;
    %jmp/0xz  T_2.0, 8;
    %pushi/vec4 0, 0, 1;
    %assign/vec4 v0x55f4ed0f9400_0, 0;
    %jmp T_2.1;
T_2.0 ;
    %load/vec4 v0x55f4ed0f92a0_0;
    %assign/vec4 v0x55f4ed0f9400_0, 0;
T_2.1 ;
    %jmp T_2;
    .thread T_2;
    .scope S_0x55f4ed0aadf0;
T_3 ;
    %pushi/vec4 0, 0, 1;
    %store/vec4 v0x55f4ed0f9750_0, 0, 1;
    %pushi/vec4 1, 0, 1;
    %store/vec4 v0x55f4ed0f9ba0_0, 0, 1;
    %pushi/vec4 0, 0, 1;
    %store/vec4 v0x55f4ed0f9810_0, 0, 1;
    %delay 5000, 0;
    %pushi/vec4 1, 0, 1;
    %store/vec4 v0x55f4ed0f9750_0, 0, 1;
    %pushi/vec4 0, 0, 1;
    %store/vec4 v0x55f4ed0f9ba0_0, 0, 1;
    %pushi/vec4 1, 0, 1;
    %store/vec4 v0x55f4ed0f9810_0, 0, 1;
    %delay 5000, 0;
    %end;
    .thread T_3;
    .scope S_0x55f4ed0aadf0;
T_4 ;
    %vpi_call 2 30 "$dumpfile", "day2dff.vcd" {0 0 0};
    %vpi_call 2 31 "$dumpvars", 32'sb00000000000000000000000000000000, S_0x55f4ed0aadf0 {0 0 0};
    %end;
    .thread T_4;
# The file index is used to find the file name in the following table.
:file_names 4;
    "N/A";
    "<interactive>";
    "day2dff_tb.v";
    "day2dff.v";
